

Started GET "/" for ::1 at 2015-11-19 20:34:42 +0000
  [1m[36mActiveRecord::SchemaMigration Load (0.4ms)[0m  [1mSELECT "schema_migrations".* FROM "schema_migrations"[0m
Processing by DynamicsController#index as HTML
Redirected to http://localhost:3000/sign_in
Filter chain halted as :require_login rendered or redirected
Completed 302 Found in 31ms (ActiveRecord: 0.0ms)


Started GET "/sign_in" for ::1 at 2015-11-19 20:34:42 +0000
Processing by Clearance::SessionsController#new as HTML
  Rendered sessions/_form.html.erb (41.5ms)
  Rendered sessions/_form2.html.erb (1.6ms)
  Rendered sessions/_form2.html.erb (0.6ms)
  Rendered sessions/new.html.erb within layouts/application (81.8ms)
Completed 200 OK in 3683ms (Views: 3681.7ms | ActiveRecord: 0.0ms)


Started GET "/" for ::1 at 2015-11-19 20:34:45 +0000
Processing by DynamicsController#index as HTML
Redirected to http://localhost:3000/sign_in
Filter chain halted as :require_login rendered or redirected
Completed 302 Found in 2ms (ActiveRecord: 0.0ms)


Started GET "/sign_in" for ::1 at 2015-11-19 20:34:45 +0000
Processing by Clearance::SessionsController#new as HTML
  Rendered sessions/_form.html.erb (1.3ms)
  Rendered sessions/_form2.html.erb (0.4ms)
  Rendered sessions/_form2.html.erb (0.3ms)
  Rendered sessions/new.html.erb within layouts/application (8.2ms)
Completed 200 OK in 469ms (Views: 467.9ms | ActiveRecord: 0.0ms)


Started GET "/assets/css/animate-c9ff76fb154a17ad6832caabedab8020.css?body=1" for ::1 at 2015-11-19 20:34:46 +0000


Started GET "/assets/boards-64e62ddc273c2f5847f30d698ca14b67.css?body=1" for ::1 at 2015-11-19 20:34:46 +0000


Started GET "/assets/css/bootstrap-theme-2f52112a77214aec0b472e6840b62f11.css?body=1" for ::1 at 2015-11-19 20:34:46 +0000


Started GET "/assets/css/bootstrap-theme.min-fbc98ef14ca0eca666360f9b68bdff91.css?body=1" for ::1 at 2015-11-19 20:34:46 +0000


Started GET "/assets/css/jquery.lightbox-a9c3cf819e80a0df69fada34bdae9056.css?body=1" for ::1 at 2015-11-19 20:34:46 +0000


Started GET "/assets/css/hover-0c8471e1b27ab7951a7b0120faa54032.css?body=1" for ::1 at 2015-11-19 20:34:46 +0000


Started GET "/assets/css/bootstrap-d33780e959dd38b7756a25cf3585bc17.css?body=1" for ::1 at 2015-11-19 20:34:46 +0000


Started GET "/assets/dynamics-1c7a4f1e03eb5d498f328bb32d4b5ab5.css?body=1" for ::1 at 2015-11-19 20:34:46 +0000


Started GET "/assets/css/jquery.lightbox.ie6-59049cbc02ec63db3968551b656c44db.css?body=1" for ::1 at 2015-11-19 20:34:46 +0000


Started GET "/assets/login-fdf58b628573b16721625d3a366be931.css?body=1" for ::1 at 2015-11-19 20:34:46 +0000


Started GET "/assets/notes-64e62ddc273c2f5847f30d698ca14b67.css?body=1" for ::1 at 2015-11-19 20:34:46 +0000


Started GET "/assets/notifications-64e62ddc273c2f5847f30d698ca14b67.css?body=1" for ::1 at 2015-11-19 20:34:46 +0000


Started GET "/assets/participants-64e62ddc273c2f5847f30d698ca14b67.css?body=1" for ::1 at 2015-11-19 20:34:46 +0000


Started GET "/assets/votes-64e62ddc273c2f5847f30d698ca14b67.css?body=1" for ::1 at 2015-11-19 20:34:46 +0000


Started GET "/assets/font-awesome-f1f64beee85cc8d3badf3f4a4c68cc61.css?body=1" for ::1 at 2015-11-19 20:34:46 +0000


Started GET "/assets/application-935f3c8b5aa7dd3dd55f3b8d7d670925.css?body=1" for ::1 at 2015-11-19 20:34:47 +0000


Started GET "/assets/whatis-5c64c5858e9a070649d7fa843d855f5f.css?body=1" for ::1 at 2015-11-19 20:34:47 +0000


Started GET "/assets/welcome-91eed4ae2c72a255d69355ae8c916bfe.css?body=1" for ::1 at 2015-11-19 20:34:47 +0000


Started GET "/assets/boards-fcec5b5a277ac7c20cc9f45a209a3bcd.js?body=1" for ::1 at 2015-11-19 20:34:47 +0000


Started GET "/assets/dynamics-fcec5b5a277ac7c20cc9f45a209a3bcd.js?body=1" for ::1 at 2015-11-19 20:34:47 +0000


Started GET "/assets/notes-fcec5b5a277ac7c20cc9f45a209a3bcd.js?body=1" for ::1 at 2015-11-19 20:34:47 +0000


Started GET "/assets/notifications-fcec5b5a277ac7c20cc9f45a209a3bcd.js?body=1" for ::1 at 2015-11-19 20:34:47 +0000


Started GET "/assets/participants-fcec5b5a277ac7c20cc9f45a209a3bcd.js?body=1" for ::1 at 2015-11-19 20:34:47 +0000


Started GET "/assets/votes-fcec5b5a277ac7c20cc9f45a209a3bcd.js?body=1" for ::1 at 2015-11-19 20:34:47 +0000


Started GET "/assets/whatis-fcec5b5a277ac7c20cc9f45a209a3bcd.js?body=1" for ::1 at 2015-11-19 20:34:47 +0000


Started GET "/css/animate.css" for ::1 at 2015-11-19 20:34:47 +0000

ActionController::RoutingError (No route matches [GET] "/css/animate.css"):
  actionpack (4.2.0) lib/action_dispatch/middleware/debug_exceptions.rb:21:in `call'
  web-console (2.1.2) lib/web_console/middleware.rb:37:in `call'
  actionpack (4.2.0) lib/action_dispatch/middleware/show_exceptions.rb:30:in `call'
  railties (4.2.0) lib/rails/rack/logger.rb:38:in `call_app'
  railties (4.2.0) lib/rails/rack/logger.rb:20:in `block in call'
  activesupport (4.2.0) lib/active_support/tagged_logging.rb:68:in `block in tagged'
  activesupport (4.2.0) lib/active_support/tagged_logging.rb:26:in `tagged'
  activesupport (4.2.0) lib/active_support/tagged_logging.rb:68:in `tagged'
  railties (4.2.0) lib/rails/rack/logger.rb:20:in `call'
  actionpack (4.2.0) lib/action_dispatch/middleware/request_id.rb:21:in `call'
  rack (1.6.0) lib/rack/methodoverride.rb:22:in `call'
  rack (1.6.0) lib/rack/runtime.rb:18:in `call'
  activesupport (4.2.0) lib/active_support/cache/strategy/local_cache_middleware.rb:28:in `call'
  rack (1.6.0) lib/rack/lock.rb:17:in `call'
  actionpack (4.2.0) lib/action_dispatch/middleware/static.rb:113:in `call'
  rack (1.6.0) lib/rack/sendfile.rb:113:in `call'
  railties (4.2.0) lib/rails/engine.rb:518:in `call'
  railties (4.2.0) lib/rails/application.rb:164:in `call'
  rack (1.6.0) lib/rack/lock.rb:17:in `call'
  rack (1.6.0) lib/rack/content_length.rb:15:in `call'
  rack (1.6.0) lib/rack/handler/webrick.rb:89:in `service'
  /Users/sandroferraz/.rvm/rubies/ruby-2.2.1/lib/ruby/2.2.0/webrick/httpserver.rb:138:in `service'
  /Users/sandroferraz/.rvm/rubies/ruby-2.2.1/lib/ruby/2.2.0/webrick/httpserver.rb:94:in `run'
  /Users/sandroferraz/.rvm/rubies/ruby-2.2.1/lib/ruby/2.2.0/webrick/server.rb:294:in `block in start_thread'


  Rendered /Users/sandroferraz/.rvm/gems/ruby-2.2.1/gems/actionpack-4.2.0/lib/action_dispatch/middleware/templates/rescues/_trace.html.erb (1.9ms)
  Rendered /Users/sandroferraz/.rvm/gems/ruby-2.2.1/gems/actionpack-4.2.0/lib/action_dispatch/middleware/templates/routes/_route.html.erb (8.6ms)
  Rendered /Users/sandroferraz/.rvm/gems/ruby-2.2.1/gems/actionpack-4.2.0/lib/action_dispatch/middleware/templates/routes/_table.html.erb (19.5ms)
  Rendered /Users/sandroferraz/.rvm/gems/ruby-2.2.1/gems/actionpack-4.2.0/lib/action_dispatch/middleware/templates/rescues/_request_and_response.html.erb (2.6ms)
  Rendered /Users/sandroferraz/.rvm/gems/ruby-2.2.1/gems/actionpack-4.2.0/lib/action_dispatch/middleware/templates/rescues/routing_error.html.erb within rescues/layout (218.9ms)
  Rendered /Users/sandroferraz/.rvm/gems/ruby-2.2.1/gems/web-console-2.1.2/lib/web_console/templates/_markup.html.erb (0.5ms)
  Rendered /Users/sandroferraz/.rvm/gems/ruby-2.2.1/gems/web-console-2.1.2/lib/web_console/templates/style.css.erb within layouts/inlined_string (0.5ms)
  Rendered /Users/sandroferraz/.rvm/gems/ruby-2.2.1/gems/web-console-2.1.2/lib/web_console/templates/_inner_console_markup.html.erb within layouts/inlined_string (0.4ms)
  Rendered /Users/sandroferraz/.rvm/gems/ruby-2.2.1/gems/web-console-2.1.2/lib/web_console/templates/_prompt_box_markup.html.erb within layouts/inlined_string (0.5ms)
  Rendered /Users/sandroferraz/.rvm/gems/ruby-2.2.1/gems/web-console-2.1.2/lib/web_console/templates/console.js.erb within layouts/javascript (58.9ms)
  Rendered /Users/sandroferraz/.rvm/gems/ruby-2.2.1/gems/web-console-2.1.2/lib/web_console/templates/main.js.erb within layouts/javascript (0.6ms)
  Rendered /Users/sandroferraz/.rvm/gems/ruby-2.2.1/gems/web-console-2.1.2/lib/web_console/templates/error_page.js.erb within layouts/javascript (0.6ms)
  Rendered /Users/sandroferraz/.rvm/gems/ruby-2.2.1/gems/web-console-2.1.2/lib/web_console/templates/index.html.erb (136.2ms)


Started GET "/css/bootstrap.min.css" for ::1 at 2015-11-19 20:34:47 +0000

ActionController::RoutingError (No route matches [GET] "/css/bootstrap.min.css"):
  actionpack (4.2.0) lib/action_dispatch/middleware/debug_exceptions.rb:21:in `call'
  web-console (2.1.2) lib/web_console/middleware.rb:37:in `call'
  actionpack (4.2.0) lib/action_dispatch/middleware/show_exceptions.rb:30:in `call'
  railties (4.2.0) lib/rails/rack/logger.rb:38:in `call_app'
  railties (4.2.0) lib/rails/rack/logger.rb:20:in `block in call'
  activesupport (4.2.0) lib/active_support/tagged_logging.rb:68:in `block in tagged'
  activesupport (4.2.0) lib/active_support/tagged_logging.rb:26:in `tagged'
  activesupport (4.2.0) lib/active_support/tagged_logging.rb:68:in `tagged'
  railties (4.2.0) lib/rails/rack/logger.rb:20:in `call'
  actionpack (4.2.0) lib/action_dispatch/middleware/request_id.rb:21:in `call'
  rack (1.6.0) lib/rack/methodoverride.rb:22:in `call'
  rack (1.6.0) lib/rack/runtime.rb:18:in `call'
  activesupport (4.2.0) lib/active_support/cache/strategy/local_cache_middleware.rb:28:in `call'
  rack (1.6.0) lib/rack/lock.rb:17:in `call'
  actionpack (4.2.0) lib/action_dispatch/middleware/static.rb:113:in `call'
  rack (1.6.0) lib/rack/sendfile.rb:113:in `call'
  railties (4.2.0) lib/rails/engine.rb:518:in `call'
  railties (4.2.0) lib/rails/application.rb:164:in `call'
  rack (1.6.0) lib/rack/lock.rb:17:in `call'
  rack (1.6.0) lib/rack/content_length.rb:15:in `call'
  rack (1.6.0) lib/rack/handler/webrick.rb:89:in `service'
  /Users/sandroferraz/.rvm/rubies/ruby-2.2.1/lib/ruby/2.2.0/webrick/httpserver.rb:138:in `service'
  /Users/sandroferraz/.rvm/rubies/ruby-2.2.1/lib/ruby/2.2.0/webrick/httpserver.rb:94:in `run'
  /Users/sandroferraz/.rvm/rubies/ruby-2.2.1/lib/ruby/2.2.0/webrick/server.rb:294:in `block in start_thread'


  Rendered /Users/sandroferraz/.rvm/gems/ruby-2.2.1/gems/actionpack-4.2.0/lib/action_dispatch/middleware/templates/rescues/_trace.html.erb (1.7ms)
  Rendered /Users/sandroferraz/.rvm/gems/ruby-2.2.1/gems/actionpack-4.2.0/lib/action_dispatch/middleware/templates/routes/_route.html.erb (13.5ms)
  Rendered /Users/sandroferraz/.rvm/gems/ruby-2.2.1/gems/actionpack-4.2.0/lib/action_dispatch/middleware/templates/routes/_table.html.erb (1.8ms)
  Rendered /Users/sandroferraz/.rvm/gems/ruby-2.2.1/gems/actionpack-4.2.0/lib/action_dispatch/middleware/templates/rescues/_request_and_response.html.erb (1.7ms)
  Rendered /Users/sandroferraz/.rvm/gems/ruby-2.2.1/gems/actionpack-4.2.0/lib/action_dispatch/middleware/templates/rescues/routing_error.html.erb within rescues/layout (121.1ms)
  Rendered /Users/sandroferraz/.rvm/gems/ruby-2.2.1/gems/web-console-2.1.2/lib/web_console/templates/_markup.html.erb (0.4ms)
  Rendered /Users/sandroferraz/.rvm/gems/ruby-2.2.1/gems/web-console-2.1.2/lib/web_console/templates/style.css.erb within layouts/inlined_string (0.4ms)
  Rendered /Users/sandroferraz/.rvm/gems/ruby-2.2.1/gems/web-console-2.1.2/lib/web_console/templates/_inner_console_markup.html.erb within layouts/inlined_string (0.5ms)
  Rendered /Users/sandroferraz/.rvm/gems/ruby-2.2.1/gems/web-console-2.1.2/lib/web_console/templates/_prompt_box_markup.html.erb within layouts/inlined_string (0.3ms)
  Rendered /Users/sandroferraz/.rvm/gems/ruby-2.2.1/gems/web-console-2.1.2/lib/web_console/templates/console.js.erb within layouts/javascript (51.7ms)
  Rendered /Users/sandroferraz/.rvm/gems/ruby-2.2.1/gems/web-console-2.1.2/lib/web_console/templates/main.js.erb within layouts/javascript (0.5ms)
  Rendered /Users/sandroferraz/.rvm/gems/ruby-2.2.1/gems/web-console-2.1.2/lib/web_console/templates/error_page.js.erb within layouts/javascript (0.5ms)
  Rendered /Users/sandroferraz/.rvm/gems/ruby-2.2.1/gems/web-console-2.1.2/lib/web_console/templates/index.html.erb (114.1ms)


Started GET "/login.css" for ::1 at 2015-11-19 20:34:48 +0000

ActionController::RoutingError (No route matches [GET] "/login.css"):
  actionpack (4.2.0) lib/action_dispatch/middleware/debug_exceptions.rb:21:in `call'
  web-console (2.1.2) lib/web_console/middleware.rb:37:in `call'
  actionpack (4.2.0) lib/action_dispatch/middleware/show_exceptions.rb:30:in `call'
  railties (4.2.0) lib/rails/rack/logger.rb:38:in `call_app'
  railties (4.2.0) lib/rails/rack/logger.rb:20:in `block in call'
  activesupport (4.2.0) lib/active_support/tagged_logging.rb:68:in `block in tagged'
  activesupport (4.2.0) lib/active_support/tagged_logging.rb:26:in `tagged'
  activesupport (4.2.0) lib/active_support/tagged_logging.rb:68:in `tagged'
  railties (4.2.0) lib/rails/rack/logger.rb:20:in `call'
  actionpack (4.2.0) lib/action_dispatch/middleware/request_id.rb:21:in `call'
  rack (1.6.0) lib/rack/methodoverride.rb:22:in `call'
  rack (1.6.0) lib/rack/runtime.rb:18:in `call'
  activesupport (4.2.0) lib/active_support/cache/strategy/local_cache_middleware.rb:28:in `call'
  rack (1.6.0) lib/rack/lock.rb:17:in `call'
  actionpack (4.2.0) lib/action_dispatch/middleware/static.rb:113:in `call'
  rack (1.6.0) lib/rack/sendfile.rb:113:in `call'
  railties (4.2.0) lib/rails/engine.rb:518:in `call'
  railties (4.2.0) lib/rails/application.rb:164:in `call'
  rack (1.6.0) lib/rack/lock.rb:17:in `call'
  rack (1.6.0) lib/rack/content_length.rb:15:in `call'
  rack (1.6.0) lib/rack/handler/webrick.rb:89:in `service'
  /Users/sandroferraz/.rvm/rubies/ruby-2.2.1/lib/ruby/2.2.0/webrick/httpserver.rb:138:in `service'
  /Users/sandroferraz/.rvm/rubies/ruby-2.2.1/lib/ruby/2.2.0/webrick/httpserver.rb:94:in `run'
  /Users/sandroferraz/.rvm/rubies/ruby-2.2.1/lib/ruby/2.2.0/webrick/server.rb:294:in `block in start_thread'


  Rendered /Users/sandroferraz/.rvm/gems/ruby-2.2.1/gems/actionpack-4.2.0/lib/action_dispatch/middleware/templates/rescues/_trace.html.erb (1.9ms)
  Rendered /Users/sandroferraz/.rvm/gems/ruby-2.2.1/gems/actionpack-4.2.0/lib/action_dispatch/middleware/templates/routes/_route.html.erb (6.3ms)
  Rendered /Users/sandroferraz/.rvm/gems/ruby-2.2.1/gems/actionpack-4.2.0/lib/action_dispatch/middleware/templates/routes/_table.html.erb (2.0ms)
  Rendered /Users/sandroferraz/.rvm/gems/ruby-2.2.1/gems/actionpack-4.2.0/lib/action_dispatch/middleware/templates/rescues/_request_and_response.html.erb (1.8ms)
  Rendered /Users/sandroferraz/.rvm/gems/ruby-2.2.1/gems/actionpack-4.2.0/lib/action_dispatch/middleware/templates/rescues/routing_error.html.erb within rescues/layout (121.8ms)
  Rendered /Users/sandroferraz/.rvm/gems/ruby-2.2.1/gems/web-console-2.1.2/lib/web_console/templates/_markup.html.erb (0.6ms)
  Rendered /Users/sandroferraz/.rvm/gems/ruby-2.2.1/gems/web-console-2.1.2/lib/web_console/templates/style.css.erb within layouts/inlined_string (0.5ms)
  Rendered /Users/sandroferraz/.rvm/gems/ruby-2.2.1/gems/web-console-2.1.2/lib/web_console/templates/_inner_console_markup.html.erb within layouts/inlined_string (0.7ms)
  Rendered /Users/sandroferraz/.rvm/gems/ruby-2.2.1/gems/web-console-2.1.2/lib/web_console/templates/_prompt_box_markup.html.erb within layouts/inlined_string (0.8ms)
  Rendered /Users/sandroferraz/.rvm/gems/ruby-2.2.1/gems/web-console-2.1.2/lib/web_console/templates/console.js.erb within layouts/javascript (57.1ms)
  Rendered /Users/sandroferraz/.rvm/gems/ruby-2.2.1/gems/web-console-2.1.2/lib/web_console/templates/main.js.erb within layouts/javascript (0.5ms)
  Rendered /Users/sandroferraz/.rvm/gems/ruby-2.2.1/gems/web-console-2.1.2/lib/web_console/templates/error_page.js.erb within layouts/javascript (0.7ms)
  Rendered /Users/sandroferraz/.rvm/gems/ruby-2.2.1/gems/web-console-2.1.2/lib/web_console/templates/index.html.erb (127.4ms)


Started GET "/assets/application-752d6c0a33994f57e40fb79dae15dbfb.js?body=1" for ::1 at 2015-11-19 20:34:48 +0000


Started GET "/js/wow.js" for ::1 at 2015-11-19 20:34:48 +0000

ActionController::RoutingError (No route matches [GET] "/js/wow.js"):
  actionpack (4.2.0) lib/action_dispatch/middleware/debug_exceptions.rb:21:in `call'
  web-console (2.1.2) lib/web_console/middleware.rb:37:in `call'
  actionpack (4.2.0) lib/action_dispatch/middleware/show_exceptions.rb:30:in `call'
  railties (4.2.0) lib/rails/rack/logger.rb:38:in `call_app'
  railties (4.2.0) lib/rails/rack/logger.rb:20:in `block in call'
  activesupport (4.2.0) lib/active_support/tagged_logging.rb:68:in `block in tagged'
  activesupport (4.2.0) lib/active_support/tagged_logging.rb:26:in `tagged'
  activesupport (4.2.0) lib/active_support/tagged_logging.rb:68:in `tagged'
  railties (4.2.0) lib/rails/rack/logger.rb:20:in `call'
  actionpack (4.2.0) lib/action_dispatch/middleware/request_id.rb:21:in `call'
  rack (1.6.0) lib/rack/methodoverride.rb:22:in `call'
  rack (1.6.0) lib/rack/runtime.rb:18:in `call'
  activesupport (4.2.0) lib/active_support/cache/strategy/local_cache_middleware.rb:28:in `call'
  rack (1.6.0) lib/rack/lock.rb:17:in `call'
  actionpack (4.2.0) lib/action_dispatch/middleware/static.rb:113:in `call'
  rack (1.6.0) lib/rack/sendfile.rb:113:in `call'
  railties (4.2.0) lib/rails/engine.rb:518:in `call'
  railties (4.2.0) lib/rails/application.rb:164:in `call'
  rack (1.6.0) lib/rack/lock.rb:17:in `call'
  rack (1.6.0) lib/rack/content_length.rb:15:in `call'
  rack (1.6.0) lib/rack/handler/webrick.rb:89:in `service'
  /Users/sandroferraz/.rvm/rubies/ruby-2.2.1/lib/ruby/2.2.0/webrick/httpserver.rb:138:in `service'
  /Users/sandroferraz/.rvm/rubies/ruby-2.2.1/lib/ruby/2.2.0/webrick/httpserver.rb:94:in `run'
  /Users/sandroferraz/.rvm/rubies/ruby-2.2.1/lib/ruby/2.2.0/webrick/server.rb:294:in `block in start_thread'


  Rendered /Users/sandroferraz/.rvm/gems/ruby-2.2.1/gems/actionpack-4.2.0/lib/action_dispatch/middleware/templates/rescues/_trace.html.erb (3.7ms)
  Rendered /Users/sandroferraz/.rvm/gems/ruby-2.2.1/gems/actionpack-4.2.0/lib/action_dispatch/middleware/templates/routes/_route.html.erb (7.4ms)
  Rendered /Users/sandroferraz/.rvm/gems/ruby-2.2.1/gems/actionpack-4.2.0/lib/action_dispatch/middleware/templates/routes/_table.html.erb (2.6ms)
  Rendered /Users/sandroferraz/.rvm/gems/ruby-2.2.1/gems/actionpack-4.2.0/lib/action_dispatch/middleware/templates/rescues/_request_and_response.html.erb (2.1ms)
  Rendered /Users/sandroferraz/.rvm/gems/ruby-2.2.1/gems/actionpack-4.2.0/lib/action_dispatch/middleware/templates/rescues/routing_error.html.erb within rescues/layout (168.1ms)
  Rendered /Users/sandroferraz/.rvm/gems/ruby-2.2.1/gems/web-console-2.1.2/lib/web_console/templates/_markup.html.erb (0.5ms)
  Rendered /Users/sandroferraz/.rvm/gems/ruby-2.2.1/gems/web-console-2.1.2/lib/web_console/templates/style.css.erb within layouts/inlined_string (0.5ms)
  Rendered /Users/sandroferraz/.rvm/gems/ruby-2.2.1/gems/web-console-2.1.2/lib/web_console/templates/_inner_console_markup.html.erb within layouts/inlined_string (0.5ms)
  Rendered /Users/sandroferraz/.rvm/gems/ruby-2.2.1/gems/web-console-2.1.2/lib/web_console/templates/_prompt_box_markup.html.erb within layouts/inlined_string (0.5ms)
  Rendered /Users/sandroferraz/.rvm/gems/ruby-2.2.1/gems/web-console-2.1.2/lib/web_console/templates/console.js.erb within layouts/javascript (75.7ms)
  Rendered /Users/sandroferraz/.rvm/gems/ruby-2.2.1/gems/web-console-2.1.2/lib/web_console/templates/main.js.erb within layouts/javascript (0.5ms)
  Rendered /Users/sandroferraz/.rvm/gems/ruby-2.2.1/gems/web-console-2.1.2/lib/web_console/templates/error_page.js.erb within layouts/javascript (0.9ms)
  Rendered /Users/sandroferraz/.rvm/gems/ruby-2.2.1/gems/web-console-2.1.2/lib/web_console/templates/index.html.erb (148.9ms)


Started GET "/assets/img/161.png" for ::1 at 2015-11-19 20:34:48 +0000


Started GET "/assets/img/transferir.jpg" for ::1 at 2015-11-19 20:34:48 +0000


Started GET "/assets/img/avatars/as.png" for ::1 at 2015-11-19 20:34:48 +0000


Started GET "/assets/fonts/glyphicons-halflings-regular.woff" for ::1 at 2015-11-19 20:34:48 +0000


Started GET "/assets/fonts/futura-normal.woff" for ::1 at 2015-11-19 20:34:49 +0000


Started GET "/assets/fonts/glyphicons-halflings-regular.woff2" for ::1 at 2015-11-19 20:34:49 +0000


Started GET "/assets/img/mapfs.jpg" for ::1 at 2015-11-19 20:34:49 +0000


Started GET "/assets/fonts/Adobe-Garamond-Pro_2012.woff" for ::1 at 2015-11-19 20:34:49 +0000
